Removed Pin From Net: NetName=NetE2_A2 Pin=J3-1
Removed Pin From Net: NetName=NetE2_A2 Pin=P3-1
Removed Pin From Net: NetName=+24V Pin=P3-2
Removed Member From Class: ClassName=Solenoid_Valve_Protection Member=R7
Added Component: Designator=C1(FP-EE18-MFG)
Add component (AddParameter): Name = "Automotive"; Value = "No"; VariantName = "[No Variations]"
Add component (AddParameter): Name = "Capacitance"; Value = "47uF"; VariantName = "[No Variations]"
Add component (AddParameter): Name = "Category"; Value = "Cap"; VariantName = "[No Variations]"
Add component (AddParameter): Name = "ComponentLink2Description"; Value = "Datasheet"; VariantName = "[No Variations]"
Add component (AddParameter): Name = "ComponentLink2URL"; Value = "https://industrial.panasonic.com/cdbs/www-data/pdf/RDF0000/ABA0000C1026.pdf"; VariantName = "[No Variations]"
Add component (AddParameter): Name = "Device Class L1"; Value = "Passive Components"; VariantName = "[No Variations]"
Add component (AddParameter): Name = "Device Class L2"; Value = "Capacitors"; VariantName = "[No Variations]"
Add component (AddParameter): Name = "Device Class L3"; Value = "Aluminum Electrolytic Capacitors"; VariantName = "[No Variations]"
Add component (AddParameter): Name = "Digikey Description"; Value = "CAP ALUM 47UF 20% 350V RADIAL"; VariantName = "[No Variations]"
Add component (AddParameter): Name = "Dissipation Factor"; Value = "20%"; VariantName = "[No Variations]"
Add component (AddParameter): Name = "Height"; Value = "22mm"; VariantName = "[No Variations]"
Add component (AddParameter): Name = "Ipc Land Pattern Name"; Value = "CAPRD750W100D1850H2000"; VariantName = "[No Variations]"
Add component (AddParameter): Name = "Lead Free"; Value = "Yes"; VariantName = "[No Variations]"
Add component (AddParameter): Name = "Leakage Current"; Value = "997uA"; VariantName = "[No Variations]"
Add component (AddParameter): Name = "Life"; Value = "10000Hours"; VariantName = "[No Variations]"
Add component (AddParameter): Name = "Manufacturer"; Value = "Panasonic Electronic Components"; VariantName = "[No Variations]"
Add component (AddParameter): Name = "Manufacturer Part Number"; Value = "EEU-EE2V470S"; VariantName = "[No Variations]"
Add component (AddParameter): Name = "Material"; Value = "Aluminum"; VariantName = "[No Variations]"
Add component (AddParameter): Name = "Mouser Description"; Value = "Aluminum Electrolytic Capacitors - Leaded 47uF 350volts AEC-Q200"; VariantName = "[No Variations]"
Add component (AddParameter): Name = "Octopart"; Value = "https://octopart.com/eeuee2v470s-panasonic-8718008"; VariantName = "[No Variations]"
Add component (AddParameter): Name = "Package"; Value = "EE18"; VariantName = "[No Variations]"
Add component (AddParameter): Name = "Ripple Current"; Value = "1070mA"; VariantName = "[No Variations]"
Add component (AddParameter): Name = "RoHS"; Value = "TRUE"; VariantName = "[No Variations]"
Add component (AddParameter): Name = "Temperature"; Value = "-25°C to +105°C"; VariantName = "[No Variations]"
Add component (AddParameter): Name = "Temperature Range High"; Value = "+105°C"; VariantName = "[No Variations]"
Add component (AddParameter): Name = "Temperature Range Low"; Value = "-25°C"; VariantName = "[No Variations]"
Add component (AddParameter): Name = "Tolerance"; Value = "20%"; VariantName = "[No Variations]"
Add component (AddParameter): Name = "Value"; Value = "47uF"; VariantName = "[No Variations]"
Add component (AddParameter): Name = "Voltage Rating"; Value = "350V"; VariantName = "[No Variations]"
Added Component: Designator=R17(FP-AC05000003909JAC00-0)
Add component (AddParameter): Name = "Automotive"; Value = "No"; VariantName = "[No Variations]"
Add component (AddParameter): Name = "Automotive Grade"; Value = "NA"; VariantName = "[No Variations]"
Add component (AddParameter): Name = "Category"; Value = "Res"; VariantName = "[No Variations]"
Add component (AddParameter): Name = "ComponentLink2Description"; Value = "Datasheet"; VariantName = "[No Variations]"
Add component (AddParameter): Name = "ComponentLink2URL"; Value = "http://www.vishay.com/docs/28730/acac-at.pdf"; VariantName = "[No Variations]"
Add component (AddParameter): Name = "Composition"; Value = "Wirewound"; VariantName = "[No Variations]"
Add component (AddParameter): Name = "Device Class L1"; Value = "Passive Components"; VariantName = "[No Variations]"
Add component (AddParameter): Name = "Device Class L2"; Value = "Resistors"; VariantName = "[No Variations]"
Add component (AddParameter): Name = "Device Class L3"; Value = "Through-Hole Resistors"; VariantName = "[No Variations]"
Add component (AddParameter): Name = "Digikey Description"; Value = "RES 39 OHM 5W 5% AXIAL"; VariantName = "[No Variations]"
Add component (AddParameter): Name = "Height"; Value = "7.5mm"; VariantName = "[No Variations]"
Add component (AddParameter): Name = "Ipc Land Pattern Name"; Value = "RESAD2166W100L1800D750"; VariantName = "[No Variations]"
Add component (AddParameter): Name = "Lead Free"; Value = "Yes"; VariantName = "[No Variations]"
Add component (AddParameter): Name = "Manufacturer"; Value = "Vishay"; VariantName = "[No Variations]"
Add component (AddParameter): Name = "Manufacturer Part Number"; Value = "AC05000003909JAC00"; VariantName = "[No Variations]"
Add component (AddParameter): Name = "Mouser Description"; Value = "Res Wirewound 39 Ohm 5% 5W -80ppm/°C to -10ppm/°C Conformal AXL Thru-Hole Ammo Pack"; VariantName = "[No Variations]"
Add component (AddParameter): Name = "Octopart"; Value = "https://octopart.com/ac05000003909jac00-vishay-39746279"; VariantName = "[No Variations]"
Add component (AddParameter): Name = "Package"; Value = "0"; VariantName = "[No Variations]"
Add component (AddParameter): Name = "Power Rating"; Value = "5W"; VariantName = "[No Variations]"
Add component (AddParameter): Name = "Resistance"; Value = "39O"; VariantName = "[No Variations]"
Add component (AddParameter): Name = "RoHS"; Value = "TRUE"; VariantName = "[No Variations]"
Add component (AddParameter): Name = "Series"; Value = "AC"; VariantName = "[No Variations]"
Add component (AddParameter): Name = "Temperature"; Value = "-55°C to +250°C"; VariantName = "[No Variations]"
Add component (AddParameter): Name = "Temperature Range High"; Value = "+250°C"; VariantName = "[No Variations]"
Add component (AddParameter): Name = "Temperature Range Low"; Value = "-55°C"; VariantName = "[No Variations]"
Add component (AddParameter): Name = "Tolerance"; Value = "5%"; VariantName = "[No Variations]"
Add component (AddParameter): Name = "Value"; Value = "39O"; VariantName = "[No Variations]"
Added Pin To Net: NetName=+24V Pin=P3-1
Added Pin To Net: NetName=NetE2_A2 Pin=P3-2
Added Member To Class: ClassName=SectionC_BreakOut Member=Component E1 1760500000
Added Member To Class: ClassName=SectionC_BreakOut Member=Component J1 B3B-XH-A(LF)(SN)
Added Member To Class: ClassName=SectionC_BreakOut Member=Component J2 JST-XH 2P
Added Member To Class: ClassName=SectionC_BreakOut Member=Component J3 Solder Jumper
Added Member To Class: ClassName=SectionC_BreakOut Member=Component J4 22-28-4030
Added Member To Class: ClassName=SectionC_BreakOut Member=Component J5 B3B-XH-A(LF)(SN)
Added Member To Class: ClassName=SectionC_BreakOut Member=Component P1 B2B-XH-A(LF)(SN)
Added Member To Class: ClassName=SectionC_BreakOut Member=Component P2 61200621721
Added Member To Class: ClassName=SectionC_BreakOut Member=Component P3 B2B-XH-A(LF)(SN)
Added Member To Class: ClassName=SectionC_BreakOut Member=Component P4 B4B-PH-K-S(LF)(SN)
Added Member To Class: ClassName=SectionC_BreakOut Member=Component P5 B4B-PH-K-S(LF)(SN)
Added Member To Class: ClassName=SectionC_BreakOut Member=Component P6 B4B-PH-K-S(LF)(SN)
Added Member To Class: ClassName=SectionC_BreakOut Member=Component P7 B4B-PH-K-S(LF)(SN)
Added Member To Class: ClassName=SectionC_BreakOut Member=Component P9 B4B-PH-K-S(LF)(SN)
Added Member To Class: ClassName=SectionC_BreakOut Member=Component R6 68R
Added Member To Class: ClassName=SectionC_BreakOut Member=Component R10 10k
